<?xml version="1.0" encoding="UTF-8"?>
<testsuite xmlns:xsi="http://www.w3.org/2001/XMLSchema-instance" xsi:noNamespaceSchemaLocation="https://maven.apache.org/surefire/maven-surefire-plugin/xsd/surefire-test-report-3.0.xsd" version="3.0" name="InjectedTest" time="3.77" tests="6" errors="0" skipped="0" failures="0">
  <properties>
    <property name="hudson.udp" value="-1"/>
    <property name="java.specification.version" value="17"/>
    <property name="sun.jnu.encoding" value="UTF-8"/>
    <property name="java.class.path" value="/Users/jayeshpawar/bits-wilp/jpawar-work/trivy-plugin/target/test-classes:/Users/jayeshpawar/bits-wilp/jpawar-work/trivy-plugin/target/classes:/Users/jayeshpawar/.m2/repository/com/fasterxml/jackson/core/jackson-databind/2.13.4/jackson-databind-2.13.4.jar:/Users/jayeshpawar/.m2/repository/com/fasterxml/jackson/core/jackson-annotations/2.13.4/jackson-annotations-2.13.4.jar:/Users/jayeshpawar/.m2/repository/com/fasterxml/jackson/core/jackson-core/2.13.4/jackson-core-2.13.4.jar:/Users/jayeshpawar/.m2/repository/org/jenkins-ci/main/jenkins-core/2.346.1/jenkins-core-2.346.1.jar:/Users/jayeshpawar/.m2/repository/org/jenkins-ci/main/cli/2.346.1/cli-2.346.1.jar:/Users/jayeshpawar/.m2/repository/org/jenkins-ci/main/remoting/4.13.2/remoting-4.13.2.jar:/Users/jayeshpawar/.m2/repository/antlr/antlr/2.7.7/antlr-2.7.7.jar:/Users/jayeshpawar/.m2/repository/args4j/args4j/2.33/args4j-2.33.jar:/Users/jayeshpawar/.m2/repository/com/github/spotbugs/spotbugs-annotations/4.6.0/spotbugs-annotations-4.6.0.jar:/Users/jayeshpawar/.m2/repository/com/google/guava/guava/31.1-jre/guava-31.1-jre.jar:/Users/jayeshpawar/.m2/repository/com/google/guava/failureaccess/1.0.1/failureaccess-1.0.1.jar:/Users/jayeshpawar/.m2/repository/com/google/guava/listenablefuture/9999.0-empty-to-avoid-conflict-with-guava/listenablefuture-9999.0-empty-to-avoid-conflict-with-guava.jar:/Users/jayeshpawar/.m2/repository/com/google/code/findbugs/jsr305/3.0.1/jsr305-3.0.1.jar:/Users/jayeshpawar/.m2/repository/com/google/inject/guice/5.0.1/guice-5.0.1.jar:/Users/jayeshpawar/.m2/repository/javax/inject/javax.inject/1/javax.inject-1.jar:/Users/jayeshpawar/.m2/repository/com/infradna/tool/bridge-method-annotation/1.23/bridge-method-annotation-1.23.jar:/Users/jayeshpawar/.m2/repository/com/jcraft/jzlib/1.1.3-kohsuke-1/jzlib-1.1.3-kohsuke-1.jar:/Users/jayeshpawar/.m2/repository/com/sun/solaris/embedded_su4j/1.1/embedded_su4j-1.1.jar:/Users/jayeshpawar/.m2/repository/com/sun/xml/txw2/txw2/20110809/txw2-20110809.jar:/Users/jayeshpawar/.m2/repository/relaxngDatatype/relaxngDatatype/20020414/relaxngDatatype-20020414.jar:/Users/jayeshpawar/.m2/repository/com/thoughtworks/xstream/xstream/1.4.19/xstream-1.4.19.jar:/Users/jayeshpawar/.m2/repository/io/github/x-stream/mxparser/1.2.2/mxparser-1.2.2.jar:/Users/jayeshpawar/.m2/repository/commons-beanutils/commons-beanutils/1.9.4/commons-beanutils-1.9.4.jar:/Users/jayeshpawar/.m2/repository/commons-codec/commons-codec/1.15/commons-codec-1.15.jar:/Users/jayeshpawar/.m2/repository/commons-collections/commons-collections/3.2.2/commons-collections-3.2.2.jar:/Users/jayeshpawar/.m2/repository/commons-fileupload/commons-fileupload/1.4/commons-fileupload-1.4.jar:/Users/jayeshpawar/.m2/repository/commons-httpclient/commons-httpclient/3.1-jenkins-3/commons-httpclient-3.1-jenkins-3.jar:/Users/jayeshpawar/.m2/repository/commons-io/commons-io/2.11.0/commons-io-2.11.0.jar:/Users/jayeshpawar/.m2/repository/commons-jelly/commons-jelly-tags-fmt/1.0/commons-jelly-tags-fmt-1.0.jar:/Users/jayeshpawar/.m2/repository/commons-jelly/commons-jelly-tags-xml/1.1/commons-jelly-tags-xml-1.1.jar:/Users/jayeshpawar/.m2/repository/commons-lang/commons-lang/2.6/commons-lang-2.6.jar:/Users/jayeshpawar/.m2/repository/io/jenkins/stapler/jenkins-stapler-support/1.1/jenkins-stapler-support-1.1.jar:/Users/jayeshpawar/.m2/repository/jakarta/servlet/jsp/jstl/jakarta.servlet.jsp.jstl-api/1.2.7/jakarta.servlet.jsp.jstl-api-1.2.7.jar:/Users/jayeshpawar/.m2/repository/jaxen/jaxen/1.2.0/jaxen-1.2.0.jar:/Users/jayeshpawar/.m2/repository/jline/jline/2.14.6/jline-2.14.6.jar:/Users/jayeshpawar/.m2/repository/net/java/dev/jna/jna/5.11.0/jna-5.11.0.jar:/Users/jayeshpawar/.m2/repository/net/java/sezpoz/sezpoz/1.13/sezpoz-1.13.jar:/Users/jayeshpawar/.m2/repository/net/sf/kxml/kxml2/2.3.0/kxml2-2.3.0.jar:/Users/jayeshpawar/.m2/repository/org/apache/ant/ant/1.10.12/ant-1.10.12.jar:/Users/jayeshpawar/.m2/repository/org/apache/ant/ant-launcher/1.10.12/ant-launcher-1.10.12.jar:/Users/jayeshpawar/.m2/repository/org/apache/commons/commons-compress/1.21/commons-compress-1.21.jar:/Users/jayeshpawar/.m2/repository/org/codehaus/groovy/groovy-all/2.4.21/groovy-all-2.4.21.jar:/Users/jayeshpawar/.m2/repository/org/connectbot/jbcrypt/jbcrypt/1.0.0/jbcrypt-1.0.0.jar:/Users/jayeshpawar/.m2/repository/org/fusesource/jansi/jansi/1.11/jansi-1.11.jar:/Users/jayeshpawar/.m2/repository/org/jenkins-ci/annotation-indexer/1.16/annotation-indexer-1.16.jar:/Users/jayeshpawar/.m2/repository/org/jenkins-ci/commons-jexl/1.1-jenkins-20111212/commons-jexl-1.1-jenkins-20111212.jar:/Users/jayeshpawar/.m2/repository/org/jenkins-ci/crypto-util/1.7/crypto-util-1.7.jar:/Users/jayeshpawar/.m2/repository/org/jenkins-ci/memory-monitor/1.11/memory-monitor-1.11.jar:/Users/jayeshpawar/.m2/repository/org/jenkins-ci/symbol-annotation/1.1/symbol-annotation-1.1.jar:/Users/jayeshpawar/.m2/repository/org/jenkins-ci/task-reactor/1.7/task-reactor-1.7.jar:/Users/jayeshpawar/.m2/repository/org/jenkins-ci/version-number/1.10/version-number-1.10.jar:/Users/jayeshpawar/.m2/repository/org/jfree/jfreechart/1.0.19/jfreechart-1.0.19.jar:/Users/jayeshpawar/.m2/repository/org/jfree/jcommon/1.0.23/jcommon-1.0.23.jar:/Users/jayeshpawar/.m2/repository/org/jvnet/hudson/commons-jelly-tags-define/1.0.1-hudson-20071021/commons-jelly-tags-define-1.0.1-hudson-20071021.jar:/Users/jayeshpawar/.m2/repository/org/jvnet/localizer/localizer/1.31/localizer-1.31.jar:/Users/jayeshpawar/.m2/repository/org/jvnet/robust-http-client/robust-http-client/1.2/robust-http-client-1.2.jar:/Users/jayeshpawar/.m2/repository/org/jvnet/winp/winp/1.28/winp-1.28.jar:/Users/jayeshpawar/.m2/repository/org/kohsuke/access-modifier-annotation/1.27/access-modifier-annotation-1.27.jar:/Users/jayeshpawar/.m2/repository/org/kohsuke/windows-package-checker/1.2/windows-package-checker-1.2.jar:/Users/jayeshpawar/.m2/repository/org/kohsuke/jinterop/j-interop/2.0.8-kohsuke-1/j-interop-2.0.8-kohsuke-1.jar:/Users/jayeshpawar/.m2/repository/org/kohsuke/jinterop/j-interopdeps/2.0.8-kohsuke-1/j-interopdeps-2.0.8-kohsuke-1.jar:/Users/jayeshpawar/.m2/repository/org/samba/jcifs/jcifs/1.3.18-kohsuke-1/jcifs-1.3.18-kohsuke-1.jar:/Users/jayeshpawar/.m2/repository/org/kohsuke/stapler/json-lib/2.4-jenkins-3/json-lib-2.4-jenkins-3.jar:/Users/jayeshpawar/.m2/repository/net/sf/ezmorph/ezmorph/1.0.6/ezmorph-1.0.6.jar:/Users/jayeshpawar/.m2/repository/org/kohsuke/stapler/stapler/1669.v95a_4b_919a_b_a_2/stapler-1669.v95a_4b_919a_b_a_2.jar:/Users/jayeshpawar/.m2/repository/commons-discovery/commons-discovery/0.5/commons-discovery-0.5.jar:/Users/jayeshpawar/.m2/repository/javax/annotation/javax.annotation-api/1.3.2/javax.annotation-api-1.3.2.jar:/Users/jayeshpawar/.m2/repository/jakarta/annotation/jakarta.annotation-api/2.0.0/jakarta.annotation-api-2.0.0.jar:/Users/jayeshpawar/.m2/repository/org/jvnet/tiger-types/2.2/tiger-types-2.2.jar:/Users/jayeshpawar/.m2/repository/org/kohsuke/stapler/stapler-adjunct-codemirror/1.3/stapler-adjunct-codemirror-1.3.jar:/Users/jayeshpawar/.m2/repository/org/kohsuke/stapler/stapler-adjunct-timeline/1.5/stapler-adjunct-timeline-1.5.jar:/Users/jayeshpawar/.m2/repository/org/kohsuke/stapler/stapler-groovy/1669.v95a_4b_919a_b_a_2/stapler-groovy-1669.v95a_4b_919a_b_a_2.jar:/Users/jayeshpawar/.m2/repository/org/kohsuke/stapler/stapler-jelly/1669.v95a_4b_919a_b_a_2/stapler-jelly-1669.v95a_4b_919a_b_a_2.jar:/Users/jayeshpawar/.m2/repository/org/dom4j/dom4j/2.1.3/dom4j-2.1.3.jar:/Users/jayeshpawar/.m2/repository/org/jenkins-ci/commons-jelly/1.1-jenkins-20220125/commons-jelly-1.1-jenkins-20220125.jar:/Users/jayeshpawar/.m2/repository/org/ow2/asm/asm/9.3/asm-9.3.jar:/Users/jayeshpawar/.m2/repository/org/ow2/asm/asm-analysis/9.3/asm-analysis-9.3.jar:/Users/jayeshpawar/.m2/repository/org/ow2/asm/asm-commons/9.3/asm-commons-9.3.jar:/Users/jayeshpawar/.m2/repository/org/ow2/asm/asm-tree/9.3/asm-tree-9.3.jar:/Users/jayeshpawar/.m2/repository/org/ow2/asm/asm-util/9.3/asm-util-9.3.jar:/Users/jayeshpawar/.m2/repository/org/slf4j/jcl-over-slf4j/1.7.36/jcl-over-slf4j-1.7.36.jar:/Users/jayeshpawar/.m2/repository/org/slf4j/slf4j-api/1.7.36/slf4j-api-1.7.36.jar:/Users/jayeshpawar/.m2/repository/org/slf4j/log4j-over-slf4j/1.7.36/log4j-over-slf4j-1.7.36.jar:/Users/jayeshpawar/.m2/repository/org/springframework/security/spring-security-web/5.6.3/spring-security-web-5.6.3.jar:/Users/jayeshpawar/.m2/repository/org/springframework/security/spring-security-core/5.6.3/spring-security-core-5.6.3.jar:/Users/jayeshpawar/.m2/repository/org/springframework/security/spring-security-crypto/5.6.3/spring-security-crypto-5.6.3.jar:/Users/jayeshpawar/.m2/repository/org/springframework/spring-core/5.3.19/spring-core-5.3.19.jar:/Users/jayeshpawar/.m2/repository/org/springframework/spring-aop/5.3.19/spring-aop-5.3.19.jar:/Users/jayeshpawar/.m2/repository/org/springframework/spring-beans/5.3.19/spring-beans-5.3.19.jar:/Users/jayeshpawar/.m2/repository/org/springframework/spring-context/5.3.19/spring-context-5.3.19.jar:/Users/jayeshpawar/.m2/repository/org/springframework/spring-expression/5.3.19/spring-expression-5.3.19.jar:/Users/jayeshpawar/.m2/repository/org/springframework/spring-web/5.3.19/spring-web-5.3.19.jar:/Users/jayeshpawar/.m2/repository/xpp3/xpp3/1.1.4c/xpp3-1.1.4c.jar:/Users/jayeshpawar/.m2/repository/org/jenkins-ci/main/jenkins-war/2.346.1/jenkins-war-2.346.1.war:/Users/jayeshpawar/.m2/repository/org/jenkins-ci/modules/instance-identity/2.2/instance-identity-2.2.jar:/Users/jayeshpawar/.m2/repository/io/github/stephenc/crypto/self-signed-cert-generator/1.0.0/self-signed-cert-generator-1.0.0.jar:/Users/jayeshpawar/.m2/repository/org/jenkins-ci/modules/launchd-slave-installer/1.2/launchd-slave-installer-1.2.jar:/Users/jayeshpawar/.m2/repository/org/jenkins-ci/modules/slave-installer/1.7/slave-installer-1.7.jar:/Users/jayeshpawar/.m2/repository/org/jenkins-ci/modules/systemd-slave-installer/1.1/systemd-slave-installer-1.1.jar:/Users/jayeshpawar/.m2/repository/org/jenkins-ci/modules/upstart-slave-installer/1.1/upstart-slave-installer-1.1.jar:/Users/jayeshpawar/.m2/repository/org/jenkins-ci/modules/windows-slave-installer/2.0/windows-slave-installer-2.0.jar:/Users/jayeshpawar/.m2/repository/org/slf4j/slf4j-jdk14/1.7.36/slf4j-jdk14-1.7.36.jar:/Users/jayeshpawar/.m2/repository/javax/servlet/javax.servlet-api/3.1.0/javax.servlet-api-3.1.0.jar:/Users/jayeshpawar/.m2/repository/net/jcip/jcip-annotations/1.0/jcip-annotations-1.0.jar:/Users/jayeshpawar/.m2/repository/org/codehaus/mojo/animal-sniffer-annotations/1.21/animal-sniffer-annotations-1.21.jar:/Users/jayeshpawar/.m2/repository/commons-logging/commons-logging/1.2/commons-logging-1.2.jar:/Users/jayeshpawar/.m2/repository/org/jenkins-ci/main/jenkins-test-harness/1736.vc72c458c5103/jenkins-test-harness-1736.vc72c458c5103.jar:/Users/jayeshpawar/.m2/repository/org/jenkins-ci/main/jenkins-test-harness-htmlunit/86.v3e0c60e7769e/jenkins-test-harness-htmlunit-86.v3e0c60e7769e.jar:/Users/jayeshpawar/.m2/repository/xalan/serializer/2.7.2/serializer-2.7.2.jar:/Users/jayeshpawar/.m2/repository/xml-apis/xml-apis/1.4.01/xml-apis-1.4.01.jar:/Users/jayeshpawar/.m2/repository/commons-net/commons-net/3.8.0/commons-net-3.8.0.jar:/Users/jayeshpawar/.m2/repository/org/brotli/dec/0.1.2/dec-0.1.2.jar:/Users/jayeshpawar/.m2/repository/com/shapesecurity/salvation2/3.0.0/salvation2-3.0.0.jar:/Users/jayeshpawar/.m2/repository/io/jenkins/lib/support-log-formatter/1.1/support-log-formatter-1.1.jar:/Users/jayeshpawar/.m2/repository/org/eclipse/jetty/jetty-security/9.4.46.v20220331/jetty-security-9.4.46.v20220331.jar:/Users/jayeshpawar/.m2/repository/org/eclipse/jetty/jetty-server/9.4.46.v20220331/jetty-server-9.4.46.v20220331.jar:/Users/jayeshpawar/.m2/repository/org/eclipse/jetty/jetty-io/9.4.46.v20220331/jetty-io-9.4.46.v20220331.jar:/Users/jayeshpawar/.m2/repository/org/eclipse/jetty/jetty-webapp/9.4.46.v20220331/jetty-webapp-9.4.46.v20220331.jar:/Users/jayeshpawar/.m2/repository/org/eclipse/jetty/jetty-xml/9.4.46.v20220331/jetty-xml-9.4.46.v20220331.jar:/Users/jayeshpawar/.m2/repository/org/eclipse/jetty/jetty-util/9.4.46.v20220331/jetty-util-9.4.46.v20220331.jar:/Users/jayeshpawar/.m2/repository/org/eclipse/jetty/jetty-servlet/9.4.46.v20220331/jetty-servlet-9.4.46.v20220331.jar:/Users/jayeshpawar/.m2/repository/org/eclipse/jetty/jetty-util-ajax/9.4.46.v20220331/jetty-util-ajax-9.4.46.v20220331.jar:/Users/jayeshpawar/.m2/repository/org/eclipse/jetty/websocket/websocket-api/9.4.46.v20220331/websocket-api-9.4.46.v20220331.jar:/Users/jayeshpawar/.m2/repository/org/eclipse/jetty/websocket/websocket-server/9.4.46.v20220331/websocket-server-9.4.46.v20220331.jar:/Users/jayeshpawar/.m2/repository/org/eclipse/jetty/websocket/websocket-common/9.4.46.v20220331/websocket-common-9.4.46.v20220331.jar:/Users/jayeshpawar/.m2/repository/org/eclipse/jetty/websocket/websocket-client/9.4.46.v20220331/websocket-client-9.4.46.v20220331.jar:/Users/jayeshpawar/.m2/repository/org/eclipse/jetty/jetty-client/9.4.46.v20220331/jetty-client-9.4.46.v20220331.jar:/Users/jayeshpawar/.m2/repository/org/eclipse/jetty/websocket/websocket-servlet/9.4.46.v20220331/websocket-servlet-9.4.46.v20220331.jar:/Users/jayeshpawar/.m2/repository/org/eclipse/jetty/jetty-http/9.4.46.v20220331/jetty-http-9.4.46.v20220331.jar:/Users/jayeshpawar/.m2/repository/org/hamcrest/hamcrest/2.2/hamcrest-2.2.jar:/Users/jayeshpawar/.m2/repository/org/hamcrest/hamcrest-core/2.2/hamcrest-core-2.2.jar:/Users/jayeshpawar/.m2/repository/org/hamcrest/hamcrest-library/2.2/hamcrest-library-2.2.jar:/Users/jayeshpawar/.m2/repository/org/jvnet/hudson/embedded-rhino-debugger/1.2/embedded-rhino-debugger-1.2.jar:/Users/jayeshpawar/.m2/repository/org/netbeans/modules/org-netbeans-insane/RELEASE130/org-netbeans-insane-RELEASE130.jar:/Users/jayeshpawar/.m2/repository/org/openjdk/jmh/jmh-core/1.35/jmh-core-1.35.jar:/Users/jayeshpawar/.m2/repository/net/sf/jopt-simple/jopt-simple/5.0.4/jopt-simple-5.0.4.jar:/Users/jayeshpawar/.m2/repository/org/apache/commons/commons-math3/3.2/commons-math3-3.2.jar:/Users/jayeshpawar/.m2/repository/org/openjdk/jmh/jmh-generator-annprocess/1.35/jmh-generator-annprocess-1.35.jar:/Users/jayeshpawar/.m2/repository/org/jenkins-ci/test-annotations/1.4/test-annotations-1.4.jar:/Users/jayeshpawar/.m2/repository/junit/junit/4.13.2/junit-4.13.2.jar:"/>
    <property name="java.vm.vendor" value="Azul Systems, Inc."/>
    <property name="sun.arch.data.model" value="64"/>
    <property name="java.vendor.url" value="http://www.azul.com/"/>
    <property name="os.name" value="Mac OS X"/>
    <property name="java.vm.specification.version" value="17"/>
    <property name="sun.java.launcher" value="SUN_STANDARD"/>
    <property name="user.country" value="IN"/>
    <property name="sun.boot.library.path" value="/Library/Java/JavaVirtualMachines/zulu-17.jdk/Contents/Home/lib"/>
    <property name="sun.java.command" value="/Users/jayeshpawar/bits-wilp/jpawar-work/trivy-plugin/target/surefire/surefirebooter6536857416969823987.jar /Users/jayeshpawar/bits-wilp/jpawar-work/trivy-plugin/target/surefire 2025-02-24T14-20-42_364-jvmRun1 surefire14803858816971330662tmp surefire_013700905631636642239tmp"/>
    <property name="http.nonProxyHosts" value="local|*.local|169.254/16|*.169.254/16"/>
    <property name="jdk.debug" value="release"/>
    <property name="surefire.test.class.path" value="/Users/jayeshpawar/bits-wilp/jpawar-work/trivy-plugin/target/test-classes:/Users/jayeshpawar/bits-wilp/jpawar-work/trivy-plugin/target/classes:/Users/jayeshpawar/.m2/repository/com/fasterxml/jackson/core/jackson-databind/2.13.4/jackson-databind-2.13.4.jar:/Users/jayeshpawar/.m2/repository/com/fasterxml/jackson/core/jackson-annotations/2.13.4/jackson-annotations-2.13.4.jar:/Users/jayeshpawar/.m2/repository/com/fasterxml/jackson/core/jackson-core/2.13.4/jackson-core-2.13.4.jar:/Users/jayeshpawar/.m2/repository/org/jenkins-ci/main/jenkins-core/2.346.1/jenkins-core-2.346.1.jar:/Users/jayeshpawar/.m2/repository/org/jenkins-ci/main/cli/2.346.1/cli-2.346.1.jar:/Users/jayeshpawar/.m2/repository/org/jenkins-ci/main/remoting/4.13.2/remoting-4.13.2.jar:/Users/jayeshpawar/.m2/repository/antlr/antlr/2.7.7/antlr-2.7.7.jar:/Users/jayeshpawar/.m2/repository/args4j/args4j/2.33/args4j-2.33.jar:/Users/jayeshpawar/.m2/repository/com/github/spotbugs/spotbugs-annotations/4.6.0/spotbugs-annotations-4.6.0.jar:/Users/jayeshpawar/.m2/repository/com/google/guava/guava/31.1-jre/guava-31.1-jre.jar:/Users/jayeshpawar/.m2/repository/com/google/guava/failureaccess/1.0.1/failureaccess-1.0.1.jar:/Users/jayeshpawar/.m2/repository/com/google/guava/listenablefuture/9999.0-empty-to-avoid-conflict-with-guava/listenablefuture-9999.0-empty-to-avoid-conflict-with-guava.jar:/Users/jayeshpawar/.m2/repository/com/google/code/findbugs/jsr305/3.0.1/jsr305-3.0.1.jar:/Users/jayeshpawar/.m2/repository/com/google/inject/guice/5.0.1/guice-5.0.1.jar:/Users/jayeshpawar/.m2/repository/javax/inject/javax.inject/1/javax.inject-1.jar:/Users/jayeshpawar/.m2/repository/com/infradna/tool/bridge-method-annotation/1.23/bridge-method-annotation-1.23.jar:/Users/jayeshpawar/.m2/repository/com/jcraft/jzlib/1.1.3-kohsuke-1/jzlib-1.1.3-kohsuke-1.jar:/Users/jayeshpawar/.m2/repository/com/sun/solaris/embedded_su4j/1.1/embedded_su4j-1.1.jar:/Users/jayeshpawar/.m2/repository/com/sun/xml/txw2/txw2/20110809/txw2-20110809.jar:/Users/jayeshpawar/.m2/repository/relaxngDatatype/relaxngDatatype/20020414/relaxngDatatype-20020414.jar:/Users/jayeshpawar/.m2/repository/com/thoughtworks/xstream/xstream/1.4.19/xstream-1.4.19.jar:/Users/jayeshpawar/.m2/repository/io/github/x-stream/mxparser/1.2.2/mxparser-1.2.2.jar:/Users/jayeshpawar/.m2/repository/commons-beanutils/commons-beanutils/1.9.4/commons-beanutils-1.9.4.jar:/Users/jayeshpawar/.m2/repository/commons-codec/commons-codec/1.15/commons-codec-1.15.jar:/Users/jayeshpawar/.m2/repository/commons-collections/commons-collections/3.2.2/commons-collections-3.2.2.jar:/Users/jayeshpawar/.m2/repository/commons-fileupload/commons-fileupload/1.4/commons-fileupload-1.4.jar:/Users/jayeshpawar/.m2/repository/commons-httpclient/commons-httpclient/3.1-jenkins-3/commons-httpclient-3.1-jenkins-3.jar:/Users/jayeshpawar/.m2/repository/commons-io/commons-io/2.11.0/commons-io-2.11.0.jar:/Users/jayeshpawar/.m2/repository/commons-jelly/commons-jelly-tags-fmt/1.0/commons-jelly-tags-fmt-1.0.jar:/Users/jayeshpawar/.m2/repository/commons-jelly/commons-jelly-tags-xml/1.1/commons-jelly-tags-xml-1.1.jar:/Users/jayeshpawar/.m2/repository/commons-lang/commons-lang/2.6/commons-lang-2.6.jar:/Users/jayeshpawar/.m2/repository/io/jenkins/stapler/jenkins-stapler-support/1.1/jenkins-stapler-support-1.1.jar:/Users/jayeshpawar/.m2/repository/jakarta/servlet/jsp/jstl/jakarta.servlet.jsp.jstl-api/1.2.7/jakarta.servlet.jsp.jstl-api-1.2.7.jar:/Users/jayeshpawar/.m2/repository/jaxen/jaxen/1.2.0/jaxen-1.2.0.jar:/Users/jayeshpawar/.m2/repository/jline/jline/2.14.6/jline-2.14.6.jar:/Users/jayeshpawar/.m2/repository/net/java/dev/jna/jna/5.11.0/jna-5.11.0.jar:/Users/jayeshpawar/.m2/repository/net/java/sezpoz/sezpoz/1.13/sezpoz-1.13.jar:/Users/jayeshpawar/.m2/repository/net/sf/kxml/kxml2/2.3.0/kxml2-2.3.0.jar:/Users/jayeshpawar/.m2/repository/org/apache/ant/ant/1.10.12/ant-1.10.12.jar:/Users/jayeshpawar/.m2/repository/org/apache/ant/ant-launcher/1.10.12/ant-launcher-1.10.12.jar:/Users/jayeshpawar/.m2/repository/org/apache/commons/commons-compress/1.21/commons-compress-1.21.jar:/Users/jayeshpawar/.m2/repository/org/codehaus/groovy/groovy-all/2.4.21/groovy-all-2.4.21.jar:/Users/jayeshpawar/.m2/repository/org/connectbot/jbcrypt/jbcrypt/1.0.0/jbcrypt-1.0.0.jar:/Users/jayeshpawar/.m2/repository/org/fusesource/jansi/jansi/1.11/jansi-1.11.jar:/Users/jayeshpawar/.m2/repository/org/jenkins-ci/annotation-indexer/1.16/annotation-indexer-1.16.jar:/Users/jayeshpawar/.m2/repository/org/jenkins-ci/commons-jexl/1.1-jenkins-20111212/commons-jexl-1.1-jenkins-20111212.jar:/Users/jayeshpawar/.m2/repository/org/jenkins-ci/crypto-util/1.7/crypto-util-1.7.jar:/Users/jayeshpawar/.m2/repository/org/jenkins-ci/memory-monitor/1.11/memory-monitor-1.11.jar:/Users/jayeshpawar/.m2/repository/org/jenkins-ci/symbol-annotation/1.1/symbol-annotation-1.1.jar:/Users/jayeshpawar/.m2/repository/org/jenkins-ci/task-reactor/1.7/task-reactor-1.7.jar:/Users/jayeshpawar/.m2/repository/org/jenkins-ci/version-number/1.10/version-number-1.10.jar:/Users/jayeshpawar/.m2/repository/org/jfree/jfreechart/1.0.19/jfreechart-1.0.19.jar:/Users/jayeshpawar/.m2/repository/org/jfree/jcommon/1.0.23/jcommon-1.0.23.jar:/Users/jayeshpawar/.m2/repository/org/jvnet/hudson/commons-jelly-tags-define/1.0.1-hudson-20071021/commons-jelly-tags-define-1.0.1-hudson-20071021.jar:/Users/jayeshpawar/.m2/repository/org/jvnet/localizer/localizer/1.31/localizer-1.31.jar:/Users/jayeshpawar/.m2/repository/org/jvnet/robust-http-client/robust-http-client/1.2/robust-http-client-1.2.jar:/Users/jayeshpawar/.m2/repository/org/jvnet/winp/winp/1.28/winp-1.28.jar:/Users/jayeshpawar/.m2/repository/org/kohsuke/access-modifier-annotation/1.27/access-modifier-annotation-1.27.jar:/Users/jayeshpawar/.m2/repository/org/kohsuke/windows-package-checker/1.2/windows-package-checker-1.2.jar:/Users/jayeshpawar/.m2/repository/org/kohsuke/jinterop/j-interop/2.0.8-kohsuke-1/j-interop-2.0.8-kohsuke-1.jar:/Users/jayeshpawar/.m2/repository/org/kohsuke/jinterop/j-interopdeps/2.0.8-kohsuke-1/j-interopdeps-2.0.8-kohsuke-1.jar:/Users/jayeshpawar/.m2/repository/org/samba/jcifs/jcifs/1.3.18-kohsuke-1/jcifs-1.3.18-kohsuke-1.jar:/Users/jayeshpawar/.m2/repository/org/kohsuke/stapler/json-lib/2.4-jenkins-3/json-lib-2.4-jenkins-3.jar:/Users/jayeshpawar/.m2/repository/net/sf/ezmorph/ezmorph/1.0.6/ezmorph-1.0.6.jar:/Users/jayeshpawar/.m2/repository/org/kohsuke/stapler/stapler/1669.v95a_4b_919a_b_a_2/stapler-1669.v95a_4b_919a_b_a_2.jar:/Users/jayeshpawar/.m2/repository/commons-discovery/commons-discovery/0.5/commons-discovery-0.5.jar:/Users/jayeshpawar/.m2/repository/javax/annotation/javax.annotation-api/1.3.2/javax.annotation-api-1.3.2.jar:/Users/jayeshpawar/.m2/repository/jakarta/annotation/jakarta.annotation-api/2.0.0/jakarta.annotation-api-2.0.0.jar:/Users/jayeshpawar/.m2/repository/org/jvnet/tiger-types/2.2/tiger-types-2.2.jar:/Users/jayeshpawar/.m2/repository/org/kohsuke/stapler/stapler-adjunct-codemirror/1.3/stapler-adjunct-codemirror-1.3.jar:/Users/jayeshpawar/.m2/repository/org/kohsuke/stapler/stapler-adjunct-timeline/1.5/stapler-adjunct-timeline-1.5.jar:/Users/jayeshpawar/.m2/repository/org/kohsuke/stapler/stapler-groovy/1669.v95a_4b_919a_b_a_2/stapler-groovy-1669.v95a_4b_919a_b_a_2.jar:/Users/jayeshpawar/.m2/repository/org/kohsuke/stapler/stapler-jelly/1669.v95a_4b_919a_b_a_2/stapler-jelly-1669.v95a_4b_919a_b_a_2.jar:/Users/jayeshpawar/.m2/repository/org/dom4j/dom4j/2.1.3/dom4j-2.1.3.jar:/Users/jayeshpawar/.m2/repository/org/jenkins-ci/commons-jelly/1.1-jenkins-20220125/commons-jelly-1.1-jenkins-20220125.jar:/Users/jayeshpawar/.m2/repository/org/ow2/asm/asm/9.3/asm-9.3.jar:/Users/jayeshpawar/.m2/repository/org/ow2/asm/asm-analysis/9.3/asm-analysis-9.3.jar:/Users/jayeshpawar/.m2/repository/org/ow2/asm/asm-commons/9.3/asm-commons-9.3.jar:/Users/jayeshpawar/.m2/repository/org/ow2/asm/asm-tree/9.3/asm-tree-9.3.jar:/Users/jayeshpawar/.m2/repository/org/ow2/asm/asm-util/9.3/asm-util-9.3.jar:/Users/jayeshpawar/.m2/repository/org/slf4j/jcl-over-slf4j/1.7.36/jcl-over-slf4j-1.7.36.jar:/Users/jayeshpawar/.m2/repository/org/slf4j/slf4j-api/1.7.36/slf4j-api-1.7.36.jar:/Users/jayeshpawar/.m2/repository/org/slf4j/log4j-over-slf4j/1.7.36/log4j-over-slf4j-1.7.36.jar:/Users/jayeshpawar/.m2/repository/org/springframework/security/spring-security-web/5.6.3/spring-security-web-5.6.3.jar:/Users/jayeshpawar/.m2/repository/org/springframework/security/spring-security-core/5.6.3/spring-security-core-5.6.3.jar:/Users/jayeshpawar/.m2/repository/org/springframework/security/spring-security-crypto/5.6.3/spring-security-crypto-5.6.3.jar:/Users/jayeshpawar/.m2/repository/org/springframework/spring-core/5.3.19/spring-core-5.3.19.jar:/Users/jayeshpawar/.m2/repository/org/springframework/spring-aop/5.3.19/spring-aop-5.3.19.jar:/Users/jayeshpawar/.m2/repository/org/springframework/spring-beans/5.3.19/spring-beans-5.3.19.jar:/Users/jayeshpawar/.m2/repository/org/springframework/spring-context/5.3.19/spring-context-5.3.19.jar:/Users/jayeshpawar/.m2/repository/org/springframework/spring-expression/5.3.19/spring-expression-5.3.19.jar:/Users/jayeshpawar/.m2/repository/org/springframework/spring-web/5.3.19/spring-web-5.3.19.jar:/Users/jayeshpawar/.m2/repository/xpp3/xpp3/1.1.4c/xpp3-1.1.4c.jar:/Users/jayeshpawar/.m2/repository/org/jenkins-ci/main/jenkins-war/2.346.1/jenkins-war-2.346.1.war:/Users/jayeshpawar/.m2/repository/org/jenkins-ci/modules/instance-identity/2.2/instance-identity-2.2.jar:/Users/jayeshpawar/.m2/repository/io/github/stephenc/crypto/self-signed-cert-generator/1.0.0/self-signed-cert-generator-1.0.0.jar:/Users/jayeshpawar/.m2/repository/org/jenkins-ci/modules/launchd-slave-installer/1.2/launchd-slave-installer-1.2.jar:/Users/jayeshpawar/.m2/repository/org/jenkins-ci/modules/slave-installer/1.7/slave-installer-1.7.jar:/Users/jayeshpawar/.m2/repository/org/jenkins-ci/modules/systemd-slave-installer/1.1/systemd-slave-installer-1.1.jar:/Users/jayeshpawar/.m2/repository/org/jenkins-ci/modules/upstart-slave-installer/1.1/upstart-slave-installer-1.1.jar:/Users/jayeshpawar/.m2/repository/org/jenkins-ci/modules/windows-slave-installer/2.0/windows-slave-installer-2.0.jar:/Users/jayeshpawar/.m2/repository/org/slf4j/slf4j-jdk14/1.7.36/slf4j-jdk14-1.7.36.jar:/Users/jayeshpawar/.m2/repository/javax/servlet/javax.servlet-api/3.1.0/javax.servlet-api-3.1.0.jar:/Users/jayeshpawar/.m2/repository/net/jcip/jcip-annotations/1.0/jcip-annotations-1.0.jar:/Users/jayeshpawar/.m2/repository/org/codehaus/mojo/animal-sniffer-annotations/1.21/animal-sniffer-annotations-1.21.jar:/Users/jayeshpawar/.m2/repository/commons-logging/commons-logging/1.2/commons-logging-1.2.jar:/Users/jayeshpawar/.m2/repository/org/jenkins-ci/main/jenkins-test-harness/1736.vc72c458c5103/jenkins-test-harness-1736.vc72c458c5103.jar:/Users/jayeshpawar/.m2/repository/org/jenkins-ci/main/jenkins-test-harness-htmlunit/86.v3e0c60e7769e/jenkins-test-harness-htmlunit-86.v3e0c60e7769e.jar:/Users/jayeshpawar/.m2/repository/xalan/serializer/2.7.2/serializer-2.7.2.jar:/Users/jayeshpawar/.m2/repository/xml-apis/xml-apis/1.4.01/xml-apis-1.4.01.jar:/Users/jayeshpawar/.m2/repository/commons-net/commons-net/3.8.0/commons-net-3.8.0.jar:/Users/jayeshpawar/.m2/repository/org/brotli/dec/0.1.2/dec-0.1.2.jar:/Users/jayeshpawar/.m2/repository/com/shapesecurity/salvation2/3.0.0/salvation2-3.0.0.jar:/Users/jayeshpawar/.m2/repository/io/jenkins/lib/support-log-formatter/1.1/support-log-formatter-1.1.jar:/Users/jayeshpawar/.m2/repository/org/eclipse/jetty/jetty-security/9.4.46.v20220331/jetty-security-9.4.46.v20220331.jar:/Users/jayeshpawar/.m2/repository/org/eclipse/jetty/jetty-server/9.4.46.v20220331/jetty-server-9.4.46.v20220331.jar:/Users/jayeshpawar/.m2/repository/org/eclipse/jetty/jetty-io/9.4.46.v20220331/jetty-io-9.4.46.v20220331.jar:/Users/jayeshpawar/.m2/repository/org/eclipse/jetty/jetty-webapp/9.4.46.v20220331/jetty-webapp-9.4.46.v20220331.jar:/Users/jayeshpawar/.m2/repository/org/eclipse/jetty/jetty-xml/9.4.46.v20220331/jetty-xml-9.4.46.v20220331.jar:/Users/jayeshpawar/.m2/repository/org/eclipse/jetty/jetty-util/9.4.46.v20220331/jetty-util-9.4.46.v20220331.jar:/Users/jayeshpawar/.m2/repository/org/eclipse/jetty/jetty-servlet/9.4.46.v20220331/jetty-servlet-9.4.46.v20220331.jar:/Users/jayeshpawar/.m2/repository/org/eclipse/jetty/jetty-util-ajax/9.4.46.v20220331/jetty-util-ajax-9.4.46.v20220331.jar:/Users/jayeshpawar/.m2/repository/org/eclipse/jetty/websocket/websocket-api/9.4.46.v20220331/websocket-api-9.4.46.v20220331.jar:/Users/jayeshpawar/.m2/repository/org/eclipse/jetty/websocket/websocket-server/9.4.46.v20220331/websocket-server-9.4.46.v20220331.jar:/Users/jayeshpawar/.m2/repository/org/eclipse/jetty/websocket/websocket-common/9.4.46.v20220331/websocket-common-9.4.46.v20220331.jar:/Users/jayeshpawar/.m2/repository/org/eclipse/jetty/websocket/websocket-client/9.4.46.v20220331/websocket-client-9.4.46.v20220331.jar:/Users/jayeshpawar/.m2/repository/org/eclipse/jetty/jetty-client/9.4.46.v20220331/jetty-client-9.4.46.v20220331.jar:/Users/jayeshpawar/.m2/repository/org/eclipse/jetty/websocket/websocket-servlet/9.4.46.v20220331/websocket-servlet-9.4.46.v20220331.jar:/Users/jayeshpawar/.m2/repository/org/eclipse/jetty/jetty-http/9.4.46.v20220331/jetty-http-9.4.46.v20220331.jar:/Users/jayeshpawar/.m2/repository/org/hamcrest/hamcrest/2.2/hamcrest-2.2.jar:/Users/jayeshpawar/.m2/repository/org/hamcrest/hamcrest-core/2.2/hamcrest-core-2.2.jar:/Users/jayeshpawar/.m2/repository/org/hamcrest/hamcrest-library/2.2/hamcrest-library-2.2.jar:/Users/jayeshpawar/.m2/repository/org/jvnet/hudson/embedded-rhino-debugger/1.2/embedded-rhino-debugger-1.2.jar:/Users/jayeshpawar/.m2/repository/org/netbeans/modules/org-netbeans-insane/RELEASE130/org-netbeans-insane-RELEASE130.jar:/Users/jayeshpawar/.m2/repository/org/openjdk/jmh/jmh-core/1.35/jmh-core-1.35.jar:/Users/jayeshpawar/.m2/repository/net/sf/jopt-simple/jopt-simple/5.0.4/jopt-simple-5.0.4.jar:/Users/jayeshpawar/.m2/repository/org/apache/commons/commons-math3/3.2/commons-math3-3.2.jar:/Users/jayeshpawar/.m2/repository/org/openjdk/jmh/jmh-generator-annprocess/1.35/jmh-generator-annprocess-1.35.jar:/Users/jayeshpawar/.m2/repository/org/jenkins-ci/test-annotations/1.4/test-annotations-1.4.jar:/Users/jayeshpawar/.m2/repository/junit/junit/4.13.2/junit-4.13.2.jar:"/>
    <property name="sun.cpu.endian" value="little"/>
    <property name="user.home" value="/Users/jayeshpawar"/>
    <property name="user.language" value="en"/>
    <property name="java.specification.vendor" value="Oracle Corporation"/>
    <property name="java.version.date" value="2025-01-21"/>
    <property name="java.home" value="/Library/Java/JavaVirtualMachines/zulu-17.jdk/Contents/Home"/>
    <property name="file.separator" value="/"/>
    <property name="basedir" value="/Users/jayeshpawar/bits-wilp/jpawar-work/trivy-plugin"/>
    <property name="java.vm.compressedOopsMode" value="Zero based"/>
    <property name="line.separator" value="&#10;"/>
    <property name="java.vm.specification.vendor" value="Oracle Corporation"/>
    <property name="java.specification.name" value="Java Platform API Specification"/>
    <property name="java.awt.headless" value="true"/>
    <property name="surefire.real.class.path" value="/Users/jayeshpawar/bits-wilp/jpawar-work/trivy-plugin/target/surefire/surefirebooter6536857416969823987.jar"/>
    <property name="sun.management.compiler" value="HotSpot 64-Bit Tiered Compilers"/>
    <property name="ftp.nonProxyHosts" value="local|*.local|169.254/16|*.169.254/16"/>
    <property name="java.runtime.version" value="17.0.14+7-LTS"/>
    <property name="user.name" value="jayeshpawar"/>
    <property name="path.separator" value=":"/>
    <property name="os.version" value="15.2"/>
    <property name="java.runtime.name" value="OpenJDK Runtime Environment"/>
    <property name="file.encoding" value="UTF-8"/>
    <property name="java.vm.name" value="OpenJDK 64-Bit Server VM"/>
    <property name="java.vendor.version" value="Zulu17.56+15-CA"/>
    <property name="localRepository" value="/Users/jayeshpawar/.m2/repository"/>
    <property name="java.vendor.url.bug" value="http://www.azul.com/support/"/>
    <property name="java.io.tmpdir" value="/Users/jayeshpawar/bits-wilp/jpawar-work/trivy-plugin/target/tmp"/>
    <property name="java.version" value="17.0.14"/>
    <property name="user.dir" value="/Users/jayeshpawar/bits-wilp/jpawar-work/trivy-plugin"/>
    <property name="os.arch" value="aarch64"/>
    <property name="java.vm.specification.name" value="Java Virtual Machine Specification"/>
    <property name="native.encoding" value="UTF-8"/>
    <property name="java.library.path" value="/Users/jayeshpawar/Library/Java/Extensions:/Library/Java/Extensions:/Network/Library/Java/Extensions:/System/Library/Java/Extensions:/usr/lib/java:."/>
    <property name="java.vm.info" value="mixed mode, emulated-client"/>
    <property name="java.vendor" value="Azul Systems, Inc."/>
    <property name="java.vm.version" value="17.0.14+7-LTS"/>
    <property name="java.specification.maintenance.version" value="1"/>
    <property name="sun.io.unicode.encoding" value="UnicodeBig"/>
    <property name="socksNonProxyHosts" value="local|*.local|169.254/16|*.169.254/16"/>
    <property name="java.class.version" value="61.0"/>
  </properties>
  <testcase name="index.jelly" classname="org.jvnet.hudson.test.JellyTestSuiteBuilder$JellyCheck" time="0.014">
    <system-out><![CDATA[Running tests for org.jenkins-ci.plugins:trivy-report-plugin:1.0.0-1
]]></system-out>
    <system-err><![CDATA[Feb 24, 2025 2:20:42 PM org.eclipse.jetty.util.log.Log initialized
INFO: Logging initialized @320ms to org.eclipse.jetty.util.log.Slf4jLog
Feb 24, 2025 2:20:43 PM org.jvnet.hudson.test.WarExploder explode
INFO: Exploding /Users/jayeshpawar/.m2/repository/org/jenkins-ci/main/jenkins-war/2.346.1/jenkins-war-2.346.1.war into /Users/jayeshpawar/bits-wilp/jpawar-work/trivy-plugin/target/jenkins-for-test
Feb 24, 2025 2:20:44 PM org.eclipse.jetty.server.handler.ContextHandler setContextPath
WARNING: Empty contextPath
Feb 24, 2025 2:20:44 PM org.eclipse.jetty.server.Server doStart
INFO: jetty-9.4.46.v20220331; built: 2022-03-31T16:38:08.030Z; git: bc17a0369a11ecf40bb92c839b9ef0a8ac50ea18; jvm 17.0.14+7-LTS
Feb 24, 2025 2:20:44 PM org.eclipse.jetty.webapp.StandardDescriptorProcessor visitServlet
INFO: NO JSP Support for /, did not find org.eclipse.jetty.jsp.JettyJspServlet
Feb 24, 2025 2:20:44 PM org.eclipse.jetty.server.session.DefaultSessionIdManager doStart
INFO: DefaultSessionIdManager workerName=node0
Feb 24, 2025 2:20:44 PM org.eclipse.jetty.server.session.DefaultSessionIdManager doStart
INFO: No SessionScavenger set, using defaults
Feb 24, 2025 2:20:44 PM org.eclipse.jetty.server.session.HouseKeeper startScavenging
INFO: node0 Scavenging every 660000ms
Feb 24, 2025 2:20:44 PM org.eclipse.jetty.server.handler.ContextHandler doStart
INFO: Started o.e.j.w.WebAppContext@4303b7f0{Jenkins v2.346.1,/,file:///Users/jayeshpawar/bits-wilp/jpawar-work/trivy-plugin/target/jenkins-for-test/,AVAILABLE}{/Users/jayeshpawar/bits-wilp/jpawar-work/trivy-plugin/target/jenkins-for-test}
Feb 24, 2025 2:20:44 PM org.eclipse.jetty.server.AbstractConnector doStart
INFO: Started ServerConnector@1db0ec27{HTTP/1.1, (http/1.1)}{localhost:55741}
Feb 24, 2025 2:20:44 PM org.eclipse.jetty.server.Server doStart
INFO: Started @2362ms
Feb 24, 2025 2:20:45 PM jenkins.InitReactorRunner$1 onAttained
INFO: Started initialization
Feb 24, 2025 2:20:45 PM jenkins.InitReactorRunner$1 onAttained
INFO: Listed all plugins
Feb 24, 2025 2:20:45 PM jenkins.InitReactorRunner$1 onAttained
INFO: Prepared all plugins
Feb 24, 2025 2:20:45 PM jenkins.InitReactorRunner$1 onAttained
INFO: Started all plugins
Feb 24, 2025 2:20:45 PM jenkins.InitReactorRunner$1 onAttained
INFO: Augmented all extensions
Feb 24, 2025 2:20:45 PM jenkins.InitReactorRunner$1 onAttained
INFO: System config loaded
Feb 24, 2025 2:20:45 PM jenkins.InitReactorRunner$1 onAttained
INFO: System config adapted
Feb 24, 2025 2:20:45 PM jenkins.InitReactorRunner$1 onAttained
INFO: Loaded all jobs
Feb 24, 2025 2:20:45 PM jenkins.InitReactorRunner$1 onAttained
INFO: Configuration for all jobs updated
Feb 24, 2025 2:20:45 PM jenkins.InitReactorRunner$1 onAttained
INFO: Completed initialization
Feb 24, 2025 2:20:45 PM org.eclipse.jetty.server.Server doStart
INFO: jetty-9.4.46.v20220331; built: 2022-03-31T16:38:08.030Z; git: bc17a0369a11ecf40bb92c839b9ef0a8ac50ea18; jvm 17.0.14+7-LTS
Feb 24, 2025 2:20:45 PM org.eclipse.jetty.server.session.DefaultSessionIdManager doStart
INFO: DefaultSessionIdManager workerName=node0
Feb 24, 2025 2:20:45 PM org.eclipse.jetty.server.session.DefaultSessionIdManager doStart
INFO: No SessionScavenger set, using defaults
Feb 24, 2025 2:20:45 PM org.eclipse.jetty.server.session.HouseKeeper startScavenging
INFO: node0 Scavenging every 660000ms
Feb 24, 2025 2:20:45 PM org.eclipse.jetty.server.handler.ContextHandler doStart
INFO: Started o.e.j.s.ServletContextHandler@7e94d093{/,null,AVAILABLE}
Feb 24, 2025 2:20:45 PM org.eclipse.jetty.server.AbstractConnector doStart
INFO: Started ServerConnector@4248e66b{HTTP/1.1, (http/1.1)}{0.0.0.0:55743}
Feb 24, 2025 2:20:45 PM org.eclipse.jetty.server.Server doStart
INFO: Started @3223ms
]]></system-err>
  </testcase>
  <testcase name="org/jenkinsci/plugins/trivy/TrivyPublisher/config.jelly" classname="org.jvnet.hudson.test.JellyTestSuiteBuilder$JellyCheck" time="0.032"/>
  <testcase name="org/jenkinsci/plugins/trivy/TrivyBuildAction/index.jelly" classname="org.jvnet.hudson.test.JellyTestSuiteBuilder$JellyCheck" time="0.021"/>
  <testcase name="testCliSanity" classname="org.jvnet.hudson.test.PluginAutomaticTestBuilder$OtherTests" time="0.006"/>
  <testcase name="testPluginActive" classname="org.jvnet.hudson.test.PluginAutomaticTestBuilder$OtherTests" time="0"/>
  <testcase name="org.jvnet.hudson.test.JellyTestSuiteBuilder$JellyTestSuite" classname="org.jvnet.hudson.test.junit.FailedTest" time="0">
    <system-err><![CDATA[Feb 24, 2025 2:20:46 PM org.eclipse.jetty.server.AbstractConnector doStop
INFO: Stopped ServerConnector@1db0ec27{HTTP/1.1, (http/1.1)}{localhost:0}
Feb 24, 2025 2:20:46 PM org.eclipse.jetty.server.session.HouseKeeper stopScavenging
INFO: node0 Stopped scavenging
Feb 24, 2025 2:20:46 PM org.eclipse.jetty.server.handler.ContextHandler doStop
INFO: Stopped o.e.j.w.WebAppContext@4303b7f0{Jenkins v2.346.1,/,file:///Users/jayeshpawar/bits-wilp/jpawar-work/trivy-plugin/target/jenkins-for-test/,STOPPED}{/Users/jayeshpawar/bits-wilp/jpawar-work/trivy-plugin/target/jenkins-for-test}
Feb 24, 2025 2:20:46 PM hudson.lifecycle.Lifecycle onStatusUpdate
INFO: Stopping Jenkins
Feb 24, 2025 2:20:46 PM hudson.lifecycle.Lifecycle onStatusUpdate
INFO: Jenkins stopped
]]></system-err>
  </testcase>
</testsuite>